Arguments: 
  /home/gabriel/.nvm/versions/node/v18.0.0/bin/node /usr/share/yarn/bin/yarn.js init

PATH: 
  /home/gabriel/Android/Sdk/tools:/home/gabriel/Android/Sdk/tools/bin:/home/gabriel/Android/Sdk/platform-tools:/home/gabriel/Android/Sdk/tools:/home/gabriel/Android/Sdk/tools/bin:/home/gabriel/Android/Sdk/platform-tools:/home/gabriel/.nvm/versions/node/v18.0.0/bin:/home/gabriel/.local/share/zinit/polaris/bin:/usr/local/sbin:/usr/local/bin:/usr/sbin:/usr/bin:/sbin:/bin:/usr/games:/usr/local/games:/snap/bin:/snap/bin:/home/gabriel/.yarn/bin:/home/gabriel/bake:/home/gabriel/.yarn/bin:/home/gabriel/Documents/computrecos/eFinance/backend/bake

Yarn version: 
  1.22.19

Node version: 
  18.0.0

Platform: 
  linux x64

Trace: 
  Error: canceled
      at Interface.<anonymous> (/usr/share/yarn/lib/cli.js:137150:13)
      at Interface.emit (node:events:527:28)
      at [_ttyWrite] [as _ttyWrite] (node:internal/readline/interface:1123:18)
      at ReadStream.onkeypress (node:internal/readline/interface:272:20)
      at ReadStream.emit (node:events:527:28)
      at emitKeys (node:internal/readline/utils:358:14)
      at emitKeys.next (<anonymous>)
      at ReadStream.onData (node:internal/readline/emitKeypressEvents:64:36)
      at ReadStream.emit (node:events:527:28)
      at addChunk (node:internal/streams/readable:324:12)

npm manifest: 
  No manifest

yarn manifest: 
  No manifest

Lockfile: 
  No lockfile
